============================= test session starts =============================
platform win32 -- Python 3.13.9, pytest-9.0.2, pluggy-1.6.0 -- C:\Users\pc\Desktop\ReadyRent_Gala\backend\venv\Scripts\python.exe
cachedir: .pytest_cache
django: version: 5.2.9, settings: config.test_settings (from ini)
rootdir: C:\Users\pc\Desktop\ReadyRent_Gala\backend
configfile: pytest.ini
plugins: anyio-4.12.0, locust-2.43.0, cov-7.0.0, django-4.11.1, mock-3.15.1
collecting ... collected 4 items

tests/unit/test_payments_serializers.py::TestPaymentMethodSerializer::test_payment_method_serialization PASSED [ 25%]
tests/unit/test_payments_serializers.py::TestPaymentCreateSerializer::test_payment_create_validation_baridimob PASSED [ 50%]
tests/unit/test_payments_serializers.py::TestPaymentCreateSerializer::test_payment_create_validation_bank_card PASSED [ 75%]
tests/unit/test_payments_serializers.py::TestPaymentSerializer::test_payment_serialization FAILED [100%]

================================== FAILURES ===================================
______________ TestPaymentSerializer.test_payment_serialization _______________
tests\unit\test_payments_serializers.py:84: in test_payment_serialization
    user = User.objects.create_user(
E   TypeError: UserManager.create_user() missing 1 required positional argument: 'username'
=========================== short test summary info ===========================
FAILED tests/unit/test_payments_serializers.py::TestPaymentSerializer::test_payment_serialization - TypeError: UserManager.create_user() missing 1 required positional argument: 'username'
========================= 1 failed, 3 passed in 1.92s =========================
